2026-02-28 02:49:05 | INFO     | ============================================================
2026-02-28 02:49:05 | INFO     | DAEMON STARTED
2026-02-28 02:49:05 | INFO     | ============================================================
2026-02-28 02:49:05 | INFO     |   Leagues:         EPL
2026-02-28 02:49:05 | INFO     |   Tier 1 interval: 5s (match) / 5s (off)
2026-02-28 02:49:05 | INFO     |   Tier 2 interval: 10s
2026-02-28 02:49:05 | INFO     |   Tier 3 interval: 15s
2026-02-28 02:49:05 | INFO     |   Match hours:     11:00–23:00 UTC
2026-02-28 02:49:05 | INFO     |   SS match limit:  5
2026-02-28 02:49:05 | INFO     |   Dry run:         True
2026-02-28 02:49:05 | INFO     |   PID:             2648
2026-02-28 02:49:05 | INFO     |   State file:      D:\Vertex_Football_Scraper2\logs\daemon_state.json
2026-02-28 02:49:05 | INFO     |   Log file:        D:\Vertex_Football_Scraper2\logs\daemon.log
2026-02-28 02:49:05 | INFO     | ============================================================
2026-02-28 02:49:05 | INFO     | Nhấn Ctrl+C để dừng daemon.
2026-02-28 02:49:05 | INFO     | 
2026-02-28 02:49:05 | INFO     | ────────────────────────────────────────────────────────────
2026-02-28 02:49:05 | INFO     | STATUS — Cycle #0 | 19:49 UTC | Match hours: YES
2026-02-28 02:49:05 | INFO     |   EPL: T1=0s | T2=0s | T3=0s
2026-02-28 02:49:05 | INFO     | ────────────────────────────────────────────────────────────
2026-02-28 02:49:05 | INFO     | ⏰ TIER 1 due — EPL (interval=5s, match_hours=True)
2026-02-28 02:49:05 | INFO     | [DRY-RUN] T1/Understat [EPL] — D:\Vertex_Football_Scraper2\.venv\Scripts\python.exe async_scraper.py --league EPL
2026-02-28 02:49:05 | INFO     | [DRY-RUN] T1/SofaScore [EPL] — D:\Vertex_Football_Scraper2\.venv\Scripts\python.exe sofascore_client.py --league EPL --match-limit 5
2026-02-28 02:49:05 | INFO     | ⏰ TIER 2 due — EPL (interval=10s)
2026-02-28 02:49:05 | INFO     | [DRY-RUN] T2/FBref [EPL] — D:\Vertex_Football_Scraper2\.venv\Scripts\python.exe fbref_scraper.py --league EPL
2026-02-28 02:49:05 | INFO     | ⏰ TIER 3 due — EPL (interval=15s)
2026-02-28 02:49:05 | INFO     | [DRY-RUN] T3/Transfermarkt [EPL] — D:\Vertex_Football_Scraper2\.venv\Scripts\python.exe tm_scraper.py --league EPL
2026-02-28 02:49:05 | INFO     | [DRY-RUN] DB Load [EPL] — D:\Vertex_Football_Scraper2\.venv\Scripts\python.exe -m db.loader --league EPL
2026-02-28 02:49:36 | INFO     | ────────────────────────────────────────────────────────────
2026-02-28 02:49:36 | INFO     | STATUS — Cycle #1 | 19:49 UTC | Match hours: YES
2026-02-28 02:49:36 | INFO     |   EPL: T1=0s | T2=0s | T3=0s
2026-02-28 02:49:36 | INFO     | ────────────────────────────────────────────────────────────
2026-02-28 02:49:36 | INFO     | ⏰ TIER 1 due — EPL (interval=5s, match_hours=True)
2026-02-28 02:49:36 | INFO     | [DRY-RUN] T1/Understat [EPL] — D:\Vertex_Football_Scraper2\.venv\Scripts\python.exe async_scraper.py --league EPL
2026-02-28 02:49:36 | INFO     | [DRY-RUN] T1/SofaScore [EPL] — D:\Vertex_Football_Scraper2\.venv\Scripts\python.exe sofascore_client.py --league EPL --match-limit 5
2026-02-28 02:49:36 | INFO     | ⏰ TIER 2 due — EPL (interval=10s)
2026-02-28 02:49:36 | INFO     | [DRY-RUN] T2/FBref [EPL] — D:\Vertex_Football_Scraper2\.venv\Scripts\python.exe fbref_scraper.py --league EPL
2026-02-28 02:49:36 | INFO     | ⏰ TIER 3 due — EPL (interval=15s)
2026-02-28 02:49:36 | INFO     | [DRY-RUN] T3/Transfermarkt [EPL] — D:\Vertex_Football_Scraper2\.venv\Scripts\python.exe tm_scraper.py --league EPL
2026-02-28 02:49:36 | INFO     | [DRY-RUN] DB Load [EPL] — D:\Vertex_Football_Scraper2\.venv\Scripts\python.exe -m db.loader --league EPL
2026-02-28 02:50:06 | INFO     | ────────────────────────────────────────────────────────────
2026-02-28 02:50:06 | INFO     | STATUS — Cycle #2 | 19:50 UTC | Match hours: YES
2026-02-28 02:50:06 | INFO     |   EPL: T1=0s | T2=0s | T3=0s
2026-02-28 02:50:06 | INFO     | ────────────────────────────────────────────────────────────
2026-02-28 02:50:06 | INFO     | ⏰ TIER 1 due — EPL (interval=5s, match_hours=True)
2026-02-28 02:50:06 | INFO     | [DRY-RUN] T1/Understat [EPL] — D:\Vertex_Football_Scraper2\.venv\Scripts\python.exe async_scraper.py --league EPL
2026-02-28 02:50:06 | INFO     | [DRY-RUN] T1/SofaScore [EPL] — D:\Vertex_Football_Scraper2\.venv\Scripts\python.exe sofascore_client.py --league EPL --match-limit 5
2026-02-28 02:50:06 | INFO     | ⏰ TIER 2 due — EPL (interval=10s)
2026-02-28 02:50:06 | INFO     | [DRY-RUN] T2/FBref [EPL] — D:\Vertex_Football_Scraper2\.venv\Scripts\python.exe fbref_scraper.py --league EPL
2026-02-28 02:50:06 | INFO     | ⏰ TIER 3 due — EPL (interval=15s)
2026-02-28 02:50:06 | INFO     | [DRY-RUN] T3/Transfermarkt [EPL] — D:\Vertex_Football_Scraper2\.venv\Scripts\python.exe tm_scraper.py --league EPL
2026-02-28 02:50:06 | INFO     | [DRY-RUN] DB Load [EPL] — D:\Vertex_Football_Scraper2\.venv\Scripts\python.exe -m db.loader --league EPL
2026-02-28 02:50:36 | INFO     | ────────────────────────────────────────────────────────────
2026-02-28 02:50:36 | INFO     | STATUS — Cycle #3 | 19:50 UTC | Match hours: YES
2026-02-28 02:50:36 | INFO     |   EPL: T1=0s | T2=0s | T3=0s
2026-02-28 02:50:36 | INFO     | ────────────────────────────────────────────────────────────
2026-02-28 02:50:36 | INFO     | ⏰ TIER 1 due — EPL (interval=5s, match_hours=True)
2026-02-28 02:50:36 | INFO     | [DRY-RUN] T1/Understat [EPL] — D:\Vertex_Football_Scraper2\.venv\Scripts\python.exe async_scraper.py --league EPL
2026-02-28 02:50:36 | INFO     | [DRY-RUN] T1/SofaScore [EPL] — D:\Vertex_Football_Scraper2\.venv\Scripts\python.exe sofascore_client.py --league EPL --match-limit 5
2026-02-28 02:50:36 | INFO     | ⏰ TIER 2 due — EPL (interval=10s)
2026-02-28 02:50:36 | INFO     | [DRY-RUN] T2/FBref [EPL] — D:\Vertex_Football_Scraper2\.venv\Scripts\python.exe fbref_scraper.py --league EPL
2026-02-28 02:50:36 | INFO     | ⏰ TIER 3 due — EPL (interval=15s)
2026-02-28 02:50:36 | INFO     | [DRY-RUN] T3/Transfermarkt [EPL] — D:\Vertex_Football_Scraper2\.venv\Scripts\python.exe tm_scraper.py --league EPL
2026-02-28 02:50:36 | INFO     | [DRY-RUN] DB Load [EPL] — D:\Vertex_Football_Scraper2\.venv\Scripts\python.exe -m db.loader --league EPL
2026-02-28 02:51:06 | INFO     | ────────────────────────────────────────────────────────────
2026-02-28 02:51:06 | INFO     | STATUS — Cycle #4 | 19:51 UTC | Match hours: YES
2026-02-28 02:51:06 | INFO     |   EPL: T1=0s | T2=0s | T3=0s
2026-02-28 02:51:06 | INFO     | ────────────────────────────────────────────────────────────
2026-02-28 02:51:06 | INFO     | ⏰ TIER 1 due — EPL (interval=5s, match_hours=True)
2026-02-28 02:51:06 | INFO     | [DRY-RUN] T1/Understat [EPL] — D:\Vertex_Football_Scraper2\.venv\Scripts\python.exe async_scraper.py --league EPL
2026-02-28 02:51:06 | INFO     | [DRY-RUN] T1/SofaScore [EPL] — D:\Vertex_Football_Scraper2\.venv\Scripts\python.exe sofascore_client.py --league EPL --match-limit 5
2026-02-28 02:51:06 | INFO     | ⏰ TIER 2 due — EPL (interval=10s)
2026-02-28 02:51:06 | INFO     | [DRY-RUN] T2/FBref [EPL] — D:\Vertex_Football_Scraper2\.venv\Scripts\python.exe fbref_scraper.py --league EPL
2026-02-28 02:51:06 | INFO     | ⏰ TIER 3 due — EPL (interval=15s)
2026-02-28 02:51:06 | INFO     | [DRY-RUN] T3/Transfermarkt [EPL] — D:\Vertex_Football_Scraper2\.venv\Scripts\python.exe tm_scraper.py --league EPL
2026-02-28 02:51:06 | INFO     | [DRY-RUN] DB Load [EPL] — D:\Vertex_Football_Scraper2\.venv\Scripts\python.exe -m db.loader --league EPL
2026-02-28 02:51:36 | INFO     | ────────────────────────────────────────────────────────────
2026-02-28 02:51:36 | INFO     | STATUS — Cycle #5 | 19:51 UTC | Match hours: YES
2026-02-28 02:51:36 | INFO     |   EPL: T1=0s | T2=0s | T3=0s
2026-02-28 02:51:36 | INFO     | ────────────────────────────────────────────────────────────
2026-02-28 02:51:36 | INFO     | ⏰ TIER 1 due — EPL (interval=5s, match_hours=True)
2026-02-28 02:51:36 | INFO     | [DRY-RUN] T1/Understat [EPL] — D:\Vertex_Football_Scraper2\.venv\Scripts\python.exe async_scraper.py --league EPL
2026-02-28 02:51:36 | INFO     | [DRY-RUN] T1/SofaScore [EPL] — D:\Vertex_Football_Scraper2\.venv\Scripts\python.exe sofascore_client.py --league EPL --match-limit 5
2026-02-28 02:51:36 | INFO     | ⏰ TIER 2 due — EPL (interval=10s)
2026-02-28 02:51:36 | INFO     | [DRY-RUN] T2/FBref [EPL] — D:\Vertex_Football_Scraper2\.venv\Scripts\python.exe fbref_scraper.py --league EPL
2026-02-28 02:51:36 | INFO     | ⏰ TIER 3 due — EPL (interval=15s)
2026-02-28 02:51:36 | INFO     | [DRY-RUN] T3/Transfermarkt [EPL] — D:\Vertex_Football_Scraper2\.venv\Scripts\python.exe tm_scraper.py --league EPL
2026-02-28 02:51:36 | INFO     | [DRY-RUN] DB Load [EPL] — D:\Vertex_Football_Scraper2\.venv\Scripts\python.exe -m db.loader --league EPL
2026-02-28 02:52:06 | INFO     | ────────────────────────────────────────────────────────────
2026-02-28 02:52:06 | INFO     | STATUS — Cycle #6 | 19:52 UTC | Match hours: YES
2026-02-28 02:52:06 | INFO     |   EPL: T1=0s | T2=0s | T3=0s
2026-02-28 02:52:06 | INFO     | ────────────────────────────────────────────────────────────
2026-02-28 02:52:06 | INFO     | ⏰ TIER 1 due — EPL (interval=5s, match_hours=True)
2026-02-28 02:52:06 | INFO     | [DRY-RUN] T1/Understat [EPL] — D:\Vertex_Football_Scraper2\.venv\Scripts\python.exe async_scraper.py --league EPL
2026-02-28 02:52:06 | INFO     | [DRY-RUN] T1/SofaScore [EPL] — D:\Vertex_Football_Scraper2\.venv\Scripts\python.exe sofascore_client.py --league EPL --match-limit 5
2026-02-28 02:52:06 | INFO     | ⏰ TIER 2 due — EPL (interval=10s)
2026-02-28 02:52:06 | INFO     | [DRY-RUN] T2/FBref [EPL] — D:\Vertex_Football_Scraper2\.venv\Scripts\python.exe fbref_scraper.py --league EPL
2026-02-28 02:52:06 | INFO     | ⏰ TIER 3 due — EPL (interval=15s)
2026-02-28 02:52:06 | INFO     | [DRY-RUN] T3/Transfermarkt [EPL] — D:\Vertex_Football_Scraper2\.venv\Scripts\python.exe tm_scraper.py --league EPL
2026-02-28 02:52:06 | INFO     | [DRY-RUN] DB Load [EPL] — D:\Vertex_Football_Scraper2\.venv\Scripts\python.exe -m db.loader --league EPL
2026-02-28 02:52:36 | INFO     | ────────────────────────────────────────────────────────────
2026-02-28 02:52:36 | INFO     | STATUS — Cycle #7 | 19:52 UTC | Match hours: YES
2026-02-28 02:52:36 | INFO     |   EPL: T1=0s | T2=0s | T3=0s
2026-02-28 02:52:36 | INFO     | ────────────────────────────────────────────────────────────
2026-02-28 02:52:36 | INFO     | ⏰ TIER 1 due — EPL (interval=5s, match_hours=True)
2026-02-28 02:52:36 | INFO     | [DRY-RUN] T1/Understat [EPL] — D:\Vertex_Football_Scraper2\.venv\Scripts\python.exe async_scraper.py --league EPL
2026-02-28 02:52:36 | INFO     | [DRY-RUN] T1/SofaScore [EPL] — D:\Vertex_Football_Scraper2\.venv\Scripts\python.exe sofascore_client.py --league EPL --match-limit 5
2026-02-28 02:52:36 | INFO     | ⏰ TIER 2 due — EPL (interval=10s)
2026-02-28 02:52:36 | INFO     | [DRY-RUN] T2/FBref [EPL] — D:\Vertex_Football_Scraper2\.venv\Scripts\python.exe fbref_scraper.py --league EPL
2026-02-28 02:52:36 | INFO     | ⏰ TIER 3 due — EPL (interval=15s)
2026-02-28 02:52:36 | INFO     | [DRY-RUN] T3/Transfermarkt [EPL] — D:\Vertex_Football_Scraper2\.venv\Scripts\python.exe tm_scraper.py --league EPL
2026-02-28 02:52:36 | INFO     | [DRY-RUN] DB Load [EPL] — D:\Vertex_Football_Scraper2\.venv\Scripts\python.exe -m db.loader --league EPL
2026-02-28 02:53:06 | INFO     | ────────────────────────────────────────────────────────────
2026-02-28 02:53:06 | INFO     | STATUS — Cycle #8 | 19:53 UTC | Match hours: YES
2026-02-28 02:53:06 | INFO     |   EPL: T1=0s | T2=0s | T3=0s
2026-02-28 02:53:06 | INFO     | ────────────────────────────────────────────────────────────
2026-02-28 02:53:06 | INFO     | ⏰ TIER 1 due — EPL (interval=5s, match_hours=True)
2026-02-28 02:53:06 | INFO     | [DRY-RUN] T1/Understat [EPL] — D:\Vertex_Football_Scraper2\.venv\Scripts\python.exe async_scraper.py --league EPL
2026-02-28 02:53:06 | INFO     | [DRY-RUN] T1/SofaScore [EPL] — D:\Vertex_Football_Scraper2\.venv\Scripts\python.exe sofascore_client.py --league EPL --match-limit 5
2026-02-28 02:53:06 | INFO     | ⏰ TIER 2 due — EPL (interval=10s)
2026-02-28 02:53:06 | INFO     | [DRY-RUN] T2/FBref [EPL] — D:\Vertex_Football_Scraper2\.venv\Scripts\python.exe fbref_scraper.py --league EPL
2026-02-28 02:53:06 | INFO     | ⏰ TIER 3 due — EPL (interval=15s)
2026-02-28 02:53:06 | INFO     | [DRY-RUN] T3/Transfermarkt [EPL] — D:\Vertex_Football_Scraper2\.venv\Scripts\python.exe tm_scraper.py --league EPL
2026-02-28 02:53:06 | INFO     | [DRY-RUN] DB Load [EPL] — D:\Vertex_Football_Scraper2\.venv\Scripts\python.exe -m db.loader --league EPL
2026-02-28 02:53:36 | INFO     | ────────────────────────────────────────────────────────────
2026-02-28 02:53:36 | INFO     | STATUS — Cycle #9 | 19:53 UTC | Match hours: YES
2026-02-28 02:53:36 | INFO     |   EPL: T1=0s | T2=0s | T3=0s
2026-02-28 02:53:36 | INFO     | ────────────────────────────────────────────────────────────
2026-02-28 02:53:36 | INFO     | ⏰ TIER 1 due — EPL (interval=5s, match_hours=True)
2026-02-28 02:53:36 | INFO     | [DRY-RUN] T1/Understat [EPL] — D:\Vertex_Football_Scraper2\.venv\Scripts\python.exe async_scraper.py --league EPL
2026-02-28 02:53:36 | INFO     | [DRY-RUN] T1/SofaScore [EPL] — D:\Vertex_Football_Scraper2\.venv\Scripts\python.exe sofascore_client.py --league EPL --match-limit 5
2026-02-28 02:53:36 | INFO     | ⏰ TIER 2 due — EPL (interval=10s)
2026-02-28 02:53:36 | INFO     | [DRY-RUN] T2/FBref [EPL] — D:\Vertex_Football_Scraper2\.venv\Scripts\python.exe fbref_scraper.py --league EPL
2026-02-28 02:53:36 | INFO     | ⏰ TIER 3 due — EPL (interval=15s)
2026-02-28 02:53:36 | INFO     | [DRY-RUN] T3/Transfermarkt [EPL] — D:\Vertex_Football_Scraper2\.venv\Scripts\python.exe tm_scraper.py --league EPL
2026-02-28 02:53:36 | INFO     | [DRY-RUN] DB Load [EPL] — D:\Vertex_Football_Scraper2\.venv\Scripts\python.exe -m db.loader --league EPL
2026-02-28 02:54:06 | INFO     | ────────────────────────────────────────────────────────────
2026-02-28 02:54:06 | INFO     | STATUS — Cycle #10 | 19:54 UTC | Match hours: YES
2026-02-28 02:54:06 | INFO     |   EPL: T1=0s | T2=0s | T3=0s
2026-02-28 02:54:06 | INFO     | ────────────────────────────────────────────────────────────
2026-02-28 02:54:06 | INFO     | ⏰ TIER 1 due — EPL (interval=5s, match_hours=True)
2026-02-28 02:54:06 | INFO     | [DRY-RUN] T1/Understat [EPL] — D:\Vertex_Football_Scraper2\.venv\Scripts\python.exe async_scraper.py --league EPL
2026-02-28 02:54:06 | INFO     | [DRY-RUN] T1/SofaScore [EPL] — D:\Vertex_Football_Scraper2\.venv\Scripts\python.exe sofascore_client.py --league EPL --match-limit 5
2026-02-28 02:54:06 | INFO     | ⏰ TIER 2 due — EPL (interval=10s)
2026-02-28 02:54:06 | INFO     | [DRY-RUN] T2/FBref [EPL] — D:\Vertex_Football_Scraper2\.venv\Scripts\python.exe fbref_scraper.py --league EPL
2026-02-28 02:54:06 | INFO     | ⏰ TIER 3 due — EPL (interval=15s)
2026-02-28 02:54:06 | INFO     | [DRY-RUN] T3/Transfermarkt [EPL] — D:\Vertex_Football_Scraper2\.venv\Scripts\python.exe tm_scraper.py --league EPL
2026-02-28 02:54:06 | INFO     | [DRY-RUN] DB Load [EPL] — D:\Vertex_Football_Scraper2\.venv\Scripts\python.exe -m db.loader --league EPL
2026-02-28 02:54:37 | INFO     | ────────────────────────────────────────────────────────────
2026-02-28 02:54:37 | INFO     | STATUS — Cycle #11 | 19:54 UTC | Match hours: YES
2026-02-28 02:54:37 | INFO     |   EPL: T1=0s | T2=0s | T3=0s
2026-02-28 02:54:37 | INFO     | ────────────────────────────────────────────────────────────
2026-02-28 02:54:37 | INFO     | ⏰ TIER 1 due — EPL (interval=5s, match_hours=True)
2026-02-28 02:54:37 | INFO     | [DRY-RUN] T1/Understat [EPL] — D:\Vertex_Football_Scraper2\.venv\Scripts\python.exe async_scraper.py --league EPL
2026-02-28 02:54:37 | INFO     | [DRY-RUN] T1/SofaScore [EPL] — D:\Vertex_Football_Scraper2\.venv\Scripts\python.exe sofascore_client.py --league EPL --match-limit 5
2026-02-28 02:54:37 | INFO     | ⏰ TIER 2 due — EPL (interval=10s)
2026-02-28 02:54:37 | INFO     | [DRY-RUN] T2/FBref [EPL] — D:\Vertex_Football_Scraper2\.venv\Scripts\python.exe fbref_scraper.py --league EPL
2026-02-28 02:54:37 | INFO     | ⏰ TIER 3 due — EPL (interval=15s)
2026-02-28 02:54:37 | INFO     | [DRY-RUN] T3/Transfermarkt [EPL] — D:\Vertex_Football_Scraper2\.venv\Scripts\python.exe tm_scraper.py --league EPL
2026-02-28 02:54:37 | INFO     | [DRY-RUN] DB Load [EPL] — D:\Vertex_Football_Scraper2\.venv\Scripts\python.exe -m db.loader --league EPL
2026-02-28 02:55:07 | INFO     | ────────────────────────────────────────────────────────────
2026-02-28 02:55:07 | INFO     | STATUS — Cycle #12 | 19:55 UTC | Match hours: YES
2026-02-28 02:55:07 | INFO     |   EPL: T1=0s | T2=0s | T3=0s
2026-02-28 02:55:07 | INFO     | ────────────────────────────────────────────────────────────
2026-02-28 02:55:07 | INFO     | ⏰ TIER 1 due — EPL (interval=5s, match_hours=True)
2026-02-28 02:55:07 | INFO     | [DRY-RUN] T1/Understat [EPL] — D:\Vertex_Football_Scraper2\.venv\Scripts\python.exe async_scraper.py --league EPL
2026-02-28 02:55:07 | INFO     | [DRY-RUN] T1/SofaScore [EPL] — D:\Vertex_Football_Scraper2\.venv\Scripts\python.exe sofascore_client.py --league EPL --match-limit 5
2026-02-28 02:55:07 | INFO     | ⏰ TIER 2 due — EPL (interval=10s)
2026-02-28 02:55:07 | INFO     | [DRY-RUN] T2/FBref [EPL] — D:\Vertex_Football_Scraper2\.venv\Scripts\python.exe fbref_scraper.py --league EPL
2026-02-28 02:55:07 | INFO     | ⏰ TIER 3 due — EPL (interval=15s)
2026-02-28 02:55:07 | INFO     | [DRY-RUN] T3/Transfermarkt [EPL] — D:\Vertex_Football_Scraper2\.venv\Scripts\python.exe tm_scraper.py --league EPL
2026-02-28 02:55:07 | INFO     | [DRY-RUN] DB Load [EPL] — D:\Vertex_Football_Scraper2\.venv\Scripts\python.exe -m db.loader --league EPL
2026-02-28 02:55:37 | INFO     | ────────────────────────────────────────────────────────────
2026-02-28 02:55:37 | INFO     | STATUS — Cycle #13 | 19:55 UTC | Match hours: YES
2026-02-28 02:55:37 | INFO     |   EPL: T1=0s | T2=0s | T3=0s
2026-02-28 02:55:37 | INFO     | ────────────────────────────────────────────────────────────
2026-02-28 02:55:37 | INFO     | ⏰ TIER 1 due — EPL (interval=5s, match_hours=True)
2026-02-28 02:55:37 | INFO     | [DRY-RUN] T1/Understat [EPL] — D:\Vertex_Football_Scraper2\.venv\Scripts\python.exe async_scraper.py --league EPL
2026-02-28 02:55:37 | INFO     | [DRY-RUN] T1/SofaScore [EPL] — D:\Vertex_Football_Scraper2\.venv\Scripts\python.exe sofascore_client.py --league EPL --match-limit 5
2026-02-28 02:55:37 | INFO     | ⏰ TIER 2 due — EPL (interval=10s)
2026-02-28 02:55:37 | INFO     | [DRY-RUN] T2/FBref [EPL] — D:\Vertex_Football_Scraper2\.venv\Scripts\python.exe fbref_scraper.py --league EPL
2026-02-28 02:55:37 | INFO     | ⏰ TIER 3 due — EPL (interval=15s)
2026-02-28 02:55:37 | INFO     | [DRY-RUN] T3/Transfermarkt [EPL] — D:\Vertex_Football_Scraper2\.venv\Scripts\python.exe tm_scraper.py --league EPL
2026-02-28 02:55:37 | INFO     | [DRY-RUN] DB Load [EPL] — D:\Vertex_Football_Scraper2\.venv\Scripts\python.exe -m db.loader --league EPL
2026-02-28 02:56:07 | INFO     | ────────────────────────────────────────────────────────────
2026-02-28 02:56:07 | INFO     | STATUS — Cycle #14 | 19:56 UTC | Match hours: YES
2026-02-28 02:56:07 | INFO     |   EPL: T1=0s | T2=0s | T3=0s
2026-02-28 02:56:07 | INFO     | ────────────────────────────────────────────────────────────
2026-02-28 02:56:07 | INFO     | ⏰ TIER 1 due — EPL (interval=5s, match_hours=True)
2026-02-28 02:56:07 | INFO     | [DRY-RUN] T1/Understat [EPL] — D:\Vertex_Football_Scraper2\.venv\Scripts\python.exe async_scraper.py --league EPL
2026-02-28 02:56:07 | INFO     | [DRY-RUN] T1/SofaScore [EPL] — D:\Vertex_Football_Scraper2\.venv\Scripts\python.exe sofascore_client.py --league EPL --match-limit 5
2026-02-28 02:56:07 | INFO     | ⏰ TIER 2 due — EPL (interval=10s)
2026-02-28 02:56:07 | INFO     | [DRY-RUN] T2/FBref [EPL] — D:\Vertex_Football_Scraper2\.venv\Scripts\python.exe fbref_scraper.py --league EPL
2026-02-28 02:56:07 | INFO     | ⏰ TIER 3 due — EPL (interval=15s)
2026-02-28 02:56:07 | INFO     | [DRY-RUN] T3/Transfermarkt [EPL] — D:\Vertex_Football_Scraper2\.venv\Scripts\python.exe tm_scraper.py --league EPL
2026-02-28 02:56:07 | INFO     | [DRY-RUN] DB Load [EPL] — D:\Vertex_Football_Scraper2\.venv\Scripts\python.exe -m db.loader --league EPL
2026-02-28 02:56:37 | INFO     | ────────────────────────────────────────────────────────────
2026-02-28 02:56:37 | INFO     | STATUS — Cycle #15 | 19:56 UTC | Match hours: YES
2026-02-28 02:56:37 | INFO     |   EPL: T1=0s | T2=0s | T3=0s
2026-02-28 02:56:37 | INFO     | ────────────────────────────────────────────────────────────
2026-02-28 02:56:37 | INFO     | ⏰ TIER 1 due — EPL (interval=5s, match_hours=True)
2026-02-28 02:56:37 | INFO     | [DRY-RUN] T1/Understat [EPL] — D:\Vertex_Football_Scraper2\.venv\Scripts\python.exe async_scraper.py --league EPL
2026-02-28 02:56:37 | INFO     | [DRY-RUN] T1/SofaScore [EPL] — D:\Vertex_Football_Scraper2\.venv\Scripts\python.exe sofascore_client.py --league EPL --match-limit 5
2026-02-28 02:56:37 | INFO     | ⏰ TIER 2 due — EPL (interval=10s)
2026-02-28 02:56:37 | INFO     | [DRY-RUN] T2/FBref [EPL] — D:\Vertex_Football_Scraper2\.venv\Scripts\python.exe fbref_scraper.py --league EPL
2026-02-28 02:56:37 | INFO     | ⏰ TIER 3 due — EPL (interval=15s)
2026-02-28 02:56:37 | INFO     | [DRY-RUN] T3/Transfermarkt [EPL] — D:\Vertex_Football_Scraper2\.venv\Scripts\python.exe tm_scraper.py --league EPL
2026-02-28 02:56:37 | INFO     | [DRY-RUN] DB Load [EPL] — D:\Vertex_Football_Scraper2\.venv\Scripts\python.exe -m db.loader --league EPL
2026-02-28 02:57:07 | INFO     | ────────────────────────────────────────────────────────────
2026-02-28 02:57:07 | INFO     | STATUS — Cycle #16 | 19:57 UTC | Match hours: YES
2026-02-28 02:57:07 | INFO     |   EPL: T1=0s | T2=0s | T3=0s
2026-02-28 02:57:07 | INFO     | ────────────────────────────────────────────────────────────
2026-02-28 02:57:07 | INFO     | ⏰ TIER 1 due — EPL (interval=5s, match_hours=True)
2026-02-28 02:57:07 | INFO     | [DRY-RUN] T1/Understat [EPL] — D:\Vertex_Football_Scraper2\.venv\Scripts\python.exe async_scraper.py --league EPL
2026-02-28 02:57:07 | INFO     | [DRY-RUN] T1/SofaScore [EPL] — D:\Vertex_Football_Scraper2\.venv\Scripts\python.exe sofascore_client.py --league EPL --match-limit 5
2026-02-28 02:57:07 | INFO     | ⏰ TIER 2 due — EPL (interval=10s)
2026-02-28 02:57:07 | INFO     | [DRY-RUN] T2/FBref [EPL] — D:\Vertex_Football_Scraper2\.venv\Scripts\python.exe fbref_scraper.py --league EPL
2026-02-28 02:57:07 | INFO     | ⏰ TIER 3 due — EPL (interval=15s)
2026-02-28 02:57:07 | INFO     | [DRY-RUN] T3/Transfermarkt [EPL] — D:\Vertex_Football_Scraper2\.venv\Scripts\python.exe tm_scraper.py --league EPL
2026-02-28 02:57:07 | INFO     | [DRY-RUN] DB Load [EPL] — D:\Vertex_Football_Scraper2\.venv\Scripts\python.exe -m db.loader --league EPL
2026-02-28 02:57:37 | INFO     | ────────────────────────────────────────────────────────────
2026-02-28 02:57:37 | INFO     | STATUS — Cycle #17 | 19:57 UTC | Match hours: YES
2026-02-28 02:57:37 | INFO     |   EPL: T1=0s | T2=0s | T3=0s
2026-02-28 02:57:37 | INFO     | ────────────────────────────────────────────────────────────
2026-02-28 02:57:37 | INFO     | ⏰ TIER 1 due — EPL (interval=5s, match_hours=True)
2026-02-28 02:57:37 | INFO     | [DRY-RUN] T1/Understat [EPL] — D:\Vertex_Football_Scraper2\.venv\Scripts\python.exe async_scraper.py --league EPL
2026-02-28 02:57:37 | INFO     | [DRY-RUN] T1/SofaScore [EPL] — D:\Vertex_Football_Scraper2\.venv\Scripts\python.exe sofascore_client.py --league EPL --match-limit 5
2026-02-28 02:57:37 | INFO     | ⏰ TIER 2 due — EPL (interval=10s)
2026-02-28 02:57:37 | INFO     | [DRY-RUN] T2/FBref [EPL] — D:\Vertex_Football_Scraper2\.venv\Scripts\python.exe fbref_scraper.py --league EPL
2026-02-28 02:57:37 | INFO     | ⏰ TIER 3 due — EPL (interval=15s)
2026-02-28 02:57:37 | INFO     | [DRY-RUN] T3/Transfermarkt [EPL] — D:\Vertex_Football_Scraper2\.venv\Scripts\python.exe tm_scraper.py --league EPL
2026-02-28 02:57:37 | INFO     | [DRY-RUN] DB Load [EPL] — D:\Vertex_Football_Scraper2\.venv\Scripts\python.exe -m db.loader --league EPL
2026-02-28 02:58:07 | INFO     | ────────────────────────────────────────────────────────────
2026-02-28 02:58:07 | INFO     | STATUS — Cycle #18 | 19:58 UTC | Match hours: YES
2026-02-28 02:58:07 | INFO     |   EPL: T1=0s | T2=0s | T3=0s
2026-02-28 02:58:07 | INFO     | ────────────────────────────────────────────────────────────
2026-02-28 02:58:07 | INFO     | ⏰ TIER 1 due — EPL (interval=5s, match_hours=True)
2026-02-28 02:58:07 | INFO     | [DRY-RUN] T1/Understat [EPL] — D:\Vertex_Football_Scraper2\.venv\Scripts\python.exe async_scraper.py --league EPL
2026-02-28 02:58:07 | INFO     | [DRY-RUN] T1/SofaScore [EPL] — D:\Vertex_Football_Scraper2\.venv\Scripts\python.exe sofascore_client.py --league EPL --match-limit 5
2026-02-28 02:58:07 | INFO     | ⏰ TIER 2 due — EPL (interval=10s)
2026-02-28 02:58:07 | INFO     | [DRY-RUN] T2/FBref [EPL] — D:\Vertex_Football_Scraper2\.venv\Scripts\python.exe fbref_scraper.py --league EPL
2026-02-28 02:58:07 | INFO     | ⏰ TIER 3 due — EPL (interval=15s)
2026-02-28 02:58:07 | INFO     | [DRY-RUN] T3/Transfermarkt [EPL] — D:\Vertex_Football_Scraper2\.venv\Scripts\python.exe tm_scraper.py --league EPL
2026-02-28 02:58:07 | INFO     | [DRY-RUN] DB Load [EPL] — D:\Vertex_Football_Scraper2\.venv\Scripts\python.exe -m db.loader --league EPL
2026-02-28 02:58:37 | INFO     | ────────────────────────────────────────────────────────────
2026-02-28 02:58:37 | INFO     | STATUS — Cycle #19 | 19:58 UTC | Match hours: YES
2026-02-28 02:58:37 | INFO     |   EPL: T1=0s | T2=0s | T3=0s
2026-02-28 02:58:37 | INFO     | ────────────────────────────────────────────────────────────
2026-02-28 02:58:37 | INFO     | ⏰ TIER 1 due — EPL (interval=5s, match_hours=True)
2026-02-28 02:58:37 | INFO     | [DRY-RUN] T1/Understat [EPL] — D:\Vertex_Football_Scraper2\.venv\Scripts\python.exe async_scraper.py --league EPL
2026-02-28 02:58:37 | INFO     | [DRY-RUN] T1/SofaScore [EPL] — D:\Vertex_Football_Scraper2\.venv\Scripts\python.exe sofascore_client.py --league EPL --match-limit 5
2026-02-28 02:58:37 | INFO     | ⏰ TIER 2 due — EPL (interval=10s)
2026-02-28 02:58:37 | INFO     | [DRY-RUN] T2/FBref [EPL] — D:\Vertex_Football_Scraper2\.venv\Scripts\python.exe fbref_scraper.py --league EPL
2026-02-28 02:58:37 | INFO     | ⏰ TIER 3 due — EPL (interval=15s)
2026-02-28 02:58:37 | INFO     | [DRY-RUN] T3/Transfermarkt [EPL] — D:\Vertex_Football_Scraper2\.venv\Scripts\python.exe tm_scraper.py --league EPL
2026-02-28 02:58:37 | INFO     | [DRY-RUN] DB Load [EPL] — D:\Vertex_Football_Scraper2\.venv\Scripts\python.exe -m db.loader --league EPL
2026-02-28 02:59:07 | INFO     | ────────────────────────────────────────────────────────────
2026-02-28 02:59:07 | INFO     | STATUS — Cycle #20 | 19:59 UTC | Match hours: YES
2026-02-28 02:59:07 | INFO     |   EPL: T1=0s | T2=0s | T3=0s
2026-02-28 02:59:07 | INFO     | ────────────────────────────────────────────────────────────
2026-02-28 02:59:07 | INFO     | ⏰ TIER 1 due — EPL (interval=5s, match_hours=True)
2026-02-28 02:59:07 | INFO     | [DRY-RUN] T1/Understat [EPL] — D:\Vertex_Football_Scraper2\.venv\Scripts\python.exe async_scraper.py --league EPL
2026-02-28 02:59:07 | INFO     | [DRY-RUN] T1/SofaScore [EPL] — D:\Vertex_Football_Scraper2\.venv\Scripts\python.exe sofascore_client.py --league EPL --match-limit 5
2026-02-28 02:59:07 | INFO     | ⏰ TIER 2 due — EPL (interval=10s)
2026-02-28 02:59:07 | INFO     | [DRY-RUN] T2/FBref [EPL] — D:\Vertex_Football_Scraper2\.venv\Scripts\python.exe fbref_scraper.py --league EPL
2026-02-28 02:59:07 | INFO     | ⏰ TIER 3 due — EPL (interval=15s)
2026-02-28 02:59:07 | INFO     | [DRY-RUN] T3/Transfermarkt [EPL] — D:\Vertex_Football_Scraper2\.venv\Scripts\python.exe tm_scraper.py --league EPL
2026-02-28 02:59:07 | INFO     | [DRY-RUN] DB Load [EPL] — D:\Vertex_Football_Scraper2\.venv\Scripts\python.exe -m db.loader --league EPL
2026-02-28 02:59:37 | INFO     | ────────────────────────────────────────────────────────────
2026-02-28 02:59:37 | INFO     | STATUS — Cycle #21 | 19:59 UTC | Match hours: YES
2026-02-28 02:59:37 | INFO     |   EPL: T1=0s | T2=0s | T3=0s
2026-02-28 02:59:37 | INFO     | ────────────────────────────────────────────────────────────
2026-02-28 02:59:37 | INFO     | ⏰ TIER 1 due — EPL (interval=5s, match_hours=True)
2026-02-28 02:59:37 | INFO     | [DRY-RUN] T1/Understat [EPL] — D:\Vertex_Football_Scraper2\.venv\Scripts\python.exe async_scraper.py --league EPL
2026-02-28 02:59:37 | INFO     | [DRY-RUN] T1/SofaScore [EPL] — D:\Vertex_Football_Scraper2\.venv\Scripts\python.exe sofascore_client.py --league EPL --match-limit 5
2026-02-28 02:59:37 | INFO     | ⏰ TIER 2 due — EPL (interval=10s)
2026-02-28 02:59:37 | INFO     | [DRY-RUN] T2/FBref [EPL] — D:\Vertex_Football_Scraper2\.venv\Scripts\python.exe fbref_scraper.py --league EPL
2026-02-28 02:59:37 | INFO     | ⏰ TIER 3 due — EPL (interval=15s)
2026-02-28 02:59:37 | INFO     | [DRY-RUN] T3/Transfermarkt [EPL] — D:\Vertex_Football_Scraper2\.venv\Scripts\python.exe tm_scraper.py --league EPL
2026-02-28 02:59:37 | INFO     | [DRY-RUN] DB Load [EPL] — D:\Vertex_Football_Scraper2\.venv\Scripts\python.exe -m db.loader --league EPL
2026-02-28 03:00:07 | INFO     | ────────────────────────────────────────────────────────────
2026-02-28 03:00:07 | INFO     | STATUS — Cycle #22 | 20:00 UTC | Match hours: YES
2026-02-28 03:00:07 | INFO     |   EPL: T1=0s | T2=0s | T3=0s
2026-02-28 03:00:07 | INFO     | ────────────────────────────────────────────────────────────
2026-02-28 03:00:07 | INFO     | ⏰ TIER 1 due — EPL (interval=5s, match_hours=True)
2026-02-28 03:00:07 | INFO     | [DRY-RUN] T1/Understat [EPL] — D:\Vertex_Football_Scraper2\.venv\Scripts\python.exe async_scraper.py --league EPL
2026-02-28 03:00:07 | INFO     | [DRY-RUN] T1/SofaScore [EPL] — D:\Vertex_Football_Scraper2\.venv\Scripts\python.exe sofascore_client.py --league EPL --match-limit 5
2026-02-28 03:00:07 | INFO     | ⏰ TIER 2 due — EPL (interval=10s)
2026-02-28 03:00:07 | INFO     | [DRY-RUN] T2/FBref [EPL] — D:\Vertex_Football_Scraper2\.venv\Scripts\python.exe fbref_scraper.py --league EPL
2026-02-28 03:00:07 | INFO     | ⏰ TIER 3 due — EPL (interval=15s)
2026-02-28 03:00:07 | INFO     | [DRY-RUN] T3/Transfermarkt [EPL] — D:\Vertex_Football_Scraper2\.venv\Scripts\python.exe tm_scraper.py --league EPL
2026-02-28 03:00:07 | INFO     | [DRY-RUN] DB Load [EPL] — D:\Vertex_Football_Scraper2\.venv\Scripts\python.exe -m db.loader --league EPL
2026-02-28 03:00:37 | INFO     | ────────────────────────────────────────────────────────────
2026-02-28 03:00:37 | INFO     | STATUS — Cycle #23 | 20:00 UTC | Match hours: YES
2026-02-28 03:00:37 | INFO     |   EPL: T1=0s | T2=0s | T3=0s
2026-02-28 03:00:37 | INFO     | ────────────────────────────────────────────────────────────
2026-02-28 03:00:37 | INFO     | ⏰ TIER 1 due — EPL (interval=5s, match_hours=True)
2026-02-28 03:00:37 | INFO     | [DRY-RUN] T1/Understat [EPL] — D:\Vertex_Football_Scraper2\.venv\Scripts\python.exe async_scraper.py --league EPL
2026-02-28 03:00:37 | INFO     | [DRY-RUN] T1/SofaScore [EPL] — D:\Vertex_Football_Scraper2\.venv\Scripts\python.exe sofascore_client.py --league EPL --match-limit 5
2026-02-28 03:00:37 | INFO     | ⏰ TIER 2 due — EPL (interval=10s)
2026-02-28 03:00:37 | INFO     | [DRY-RUN] T2/FBref [EPL] — D:\Vertex_Football_Scraper2\.venv\Scripts\python.exe fbref_scraper.py --league EPL
2026-02-28 03:00:37 | INFO     | ⏰ TIER 3 due — EPL (interval=15s)
2026-02-28 03:00:37 | INFO     | [DRY-RUN] T3/Transfermarkt [EPL] — D:\Vertex_Football_Scraper2\.venv\Scripts\python.exe tm_scraper.py --league EPL
2026-02-28 03:00:37 | INFO     | [DRY-RUN] DB Load [EPL] — D:\Vertex_Football_Scraper2\.venv\Scripts\python.exe -m db.loader --league EPL
2026-02-28 03:01:07 | INFO     | ────────────────────────────────────────────────────────────
2026-02-28 03:01:07 | INFO     | STATUS — Cycle #24 | 20:01 UTC | Match hours: YES
2026-02-28 03:01:07 | INFO     |   EPL: T1=0s | T2=0s | T3=0s
2026-02-28 03:01:07 | INFO     | ────────────────────────────────────────────────────────────
2026-02-28 03:01:07 | INFO     | ⏰ TIER 1 due — EPL (interval=5s, match_hours=True)
2026-02-28 03:01:07 | INFO     | [DRY-RUN] T1/Understat [EPL] — D:\Vertex_Football_Scraper2\.venv\Scripts\python.exe async_scraper.py --league EPL
2026-02-28 03:01:07 | INFO     | [DRY-RUN] T1/SofaScore [EPL] — D:\Vertex_Football_Scraper2\.venv\Scripts\python.exe sofascore_client.py --league EPL --match-limit 5
2026-02-28 03:01:07 | INFO     | ⏰ TIER 2 due — EPL (interval=10s)
2026-02-28 03:01:07 | INFO     | [DRY-RUN] T2/FBref [EPL] — D:\Vertex_Football_Scraper2\.venv\Scripts\python.exe fbref_scraper.py --league EPL
2026-02-28 03:01:07 | INFO     | ⏰ TIER 3 due — EPL (interval=15s)
2026-02-28 03:01:07 | INFO     | [DRY-RUN] T3/Transfermarkt [EPL] — D:\Vertex_Football_Scraper2\.venv\Scripts\python.exe tm_scraper.py --league EPL
2026-02-28 03:01:07 | INFO     | [DRY-RUN] DB Load [EPL] — D:\Vertex_Football_Scraper2\.venv\Scripts\python.exe -m db.loader --league EPL
2026-02-28 03:01:37 | INFO     | ────────────────────────────────────────────────────────────
2026-02-28 03:01:37 | INFO     | STATUS — Cycle #25 | 20:01 UTC | Match hours: YES
2026-02-28 03:01:37 | INFO     |   EPL: T1=0s | T2=0s | T3=0s
2026-02-28 03:01:37 | INFO     | ────────────────────────────────────────────────────────────
2026-02-28 03:01:37 | INFO     | ⏰ TIER 1 due — EPL (interval=5s, match_hours=True)
2026-02-28 03:01:37 | INFO     | [DRY-RUN] T1/Understat [EPL] — D:\Vertex_Football_Scraper2\.venv\Scripts\python.exe async_scraper.py --league EPL
2026-02-28 03:01:37 | INFO     | [DRY-RUN] T1/SofaScore [EPL] — D:\Vertex_Football_Scraper2\.venv\Scripts\python.exe sofascore_client.py --league EPL --match-limit 5
2026-02-28 03:01:37 | INFO     | ⏰ TIER 2 due — EPL (interval=10s)
2026-02-28 03:01:37 | INFO     | [DRY-RUN] T2/FBref [EPL] — D:\Vertex_Football_Scraper2\.venv\Scripts\python.exe fbref_scraper.py --league EPL
2026-02-28 03:01:38 | INFO     | ⏰ TIER 3 due — EPL (interval=15s)
2026-02-28 03:01:38 | INFO     | [DRY-RUN] T3/Transfermarkt [EPL] — D:\Vertex_Football_Scraper2\.venv\Scripts\python.exe tm_scraper.py --league EPL
2026-02-28 03:01:38 | INFO     | [DRY-RUN] DB Load [EPL] — D:\Vertex_Football_Scraper2\.venv\Scripts\python.exe -m db.loader --league EPL
2026-02-28 03:02:08 | INFO     | ────────────────────────────────────────────────────────────
2026-02-28 03:02:08 | INFO     | STATUS — Cycle #26 | 20:02 UTC | Match hours: YES
2026-02-28 03:02:08 | INFO     |   EPL: T1=0s | T2=0s | T3=0s
2026-02-28 03:02:08 | INFO     | ────────────────────────────────────────────────────────────
2026-02-28 03:02:08 | INFO     | ⏰ TIER 1 due — EPL (interval=5s, match_hours=True)
2026-02-28 03:02:08 | INFO     | [DRY-RUN] T1/Understat [EPL] — D:\Vertex_Football_Scraper2\.venv\Scripts\python.exe async_scraper.py --league EPL
2026-02-28 03:02:08 | INFO     | [DRY-RUN] T1/SofaScore [EPL] — D:\Vertex_Football_Scraper2\.venv\Scripts\python.exe sofascore_client.py --league EPL --match-limit 5
2026-02-28 03:02:08 | INFO     | ⏰ TIER 2 due — EPL (interval=10s)
2026-02-28 03:02:08 | INFO     | [DRY-RUN] T2/FBref [EPL] — D:\Vertex_Football_Scraper2\.venv\Scripts\python.exe fbref_scraper.py --league EPL
2026-02-28 03:02:08 | INFO     | ⏰ TIER 3 due — EPL (interval=15s)
2026-02-28 03:02:08 | INFO     | [DRY-RUN] T3/Transfermarkt [EPL] — D:\Vertex_Football_Scraper2\.venv\Scripts\python.exe tm_scraper.py --league EPL
2026-02-28 03:02:08 | INFO     | [DRY-RUN] DB Load [EPL] — D:\Vertex_Football_Scraper2\.venv\Scripts\python.exe -m db.loader --league EPL
2026-02-28 03:02:38 | INFO     | ────────────────────────────────────────────────────────────
2026-02-28 03:02:38 | INFO     | STATUS — Cycle #27 | 20:02 UTC | Match hours: YES
2026-02-28 03:02:38 | INFO     |   EPL: T1=0s | T2=0s | T3=0s
2026-02-28 03:02:38 | INFO     | ────────────────────────────────────────────────────────────
2026-02-28 03:02:38 | INFO     | ⏰ TIER 1 due — EPL (interval=5s, match_hours=True)
2026-02-28 03:02:38 | INFO     | [DRY-RUN] T1/Understat [EPL] — D:\Vertex_Football_Scraper2\.venv\Scripts\python.exe async_scraper.py --league EPL
2026-02-28 03:02:38 | INFO     | [DRY-RUN] T1/SofaScore [EPL] — D:\Vertex_Football_Scraper2\.venv\Scripts\python.exe sofascore_client.py --league EPL --match-limit 5
2026-02-28 03:02:38 | INFO     | ⏰ TIER 2 due — EPL (interval=10s)
2026-02-28 03:02:38 | INFO     | [DRY-RUN] T2/FBref [EPL] — D:\Vertex_Football_Scraper2\.venv\Scripts\python.exe fbref_scraper.py --league EPL
2026-02-28 03:02:38 | INFO     | ⏰ TIER 3 due — EPL (interval=15s)
2026-02-28 03:02:38 | INFO     | [DRY-RUN] T3/Transfermarkt [EPL] — D:\Vertex_Football_Scraper2\.venv\Scripts\python.exe tm_scraper.py --league EPL
2026-02-28 03:02:38 | INFO     | [DRY-RUN] DB Load [EPL] — D:\Vertex_Football_Scraper2\.venv\Scripts\python.exe -m db.loader --league EPL
2026-02-28 03:03:08 | INFO     | ────────────────────────────────────────────────────────────
2026-02-28 03:03:08 | INFO     | STATUS — Cycle #28 | 20:03 UTC | Match hours: YES
2026-02-28 03:03:08 | INFO     |   EPL: T1=0s | T2=0s | T3=0s
2026-02-28 03:03:08 | INFO     | ────────────────────────────────────────────────────────────
2026-02-28 03:03:08 | INFO     | ⏰ TIER 1 due — EPL (interval=5s, match_hours=True)
2026-02-28 03:03:08 | INFO     | [DRY-RUN] T1/Understat [EPL] — D:\Vertex_Football_Scraper2\.venv\Scripts\python.exe async_scraper.py --league EPL
2026-02-28 03:03:08 | INFO     | [DRY-RUN] T1/SofaScore [EPL] — D:\Vertex_Football_Scraper2\.venv\Scripts\python.exe sofascore_client.py --league EPL --match-limit 5
2026-02-28 03:03:08 | INFO     | ⏰ TIER 2 due — EPL (interval=10s)
2026-02-28 03:03:08 | INFO     | [DRY-RUN] T2/FBref [EPL] — D:\Vertex_Football_Scraper2\.venv\Scripts\python.exe fbref_scraper.py --league EPL
2026-02-28 03:03:08 | INFO     | ⏰ TIER 3 due — EPL (interval=15s)
2026-02-28 03:03:08 | INFO     | [DRY-RUN] T3/Transfermarkt [EPL] — D:\Vertex_Football_Scraper2\.venv\Scripts\python.exe tm_scraper.py --league EPL
2026-02-28 03:03:08 | INFO     | [DRY-RUN] DB Load [EPL] — D:\Vertex_Football_Scraper2\.venv\Scripts\python.exe -m db.loader --league EPL
2026-02-28 03:03:38 | INFO     | ────────────────────────────────────────────────────────────
2026-02-28 03:03:38 | INFO     | STATUS — Cycle #29 | 20:03 UTC | Match hours: YES
2026-02-28 03:03:38 | INFO     |   EPL: T1=0s | T2=0s | T3=0s
2026-02-28 03:03:38 | INFO     | ────────────────────────────────────────────────────────────
2026-02-28 03:03:38 | INFO     | ⏰ TIER 1 due — EPL (interval=5s, match_hours=True)
2026-02-28 03:03:38 | INFO     | [DRY-RUN] T1/Understat [EPL] — D:\Vertex_Football_Scraper2\.venv\Scripts\python.exe async_scraper.py --league EPL
2026-02-28 03:03:38 | INFO     | [DRY-RUN] T1/SofaScore [EPL] — D:\Vertex_Football_Scraper2\.venv\Scripts\python.exe sofascore_client.py --league EPL --match-limit 5
2026-02-28 03:03:38 | INFO     | ⏰ TIER 2 due — EPL (interval=10s)
2026-02-28 03:03:38 | INFO     | [DRY-RUN] T2/FBref [EPL] — D:\Vertex_Football_Scraper2\.venv\Scripts\python.exe fbref_scraper.py --league EPL
2026-02-28 03:03:38 | INFO     | ⏰ TIER 3 due — EPL (interval=15s)
2026-02-28 03:03:38 | INFO     | [DRY-RUN] T3/Transfermarkt [EPL] — D:\Vertex_Football_Scraper2\.venv\Scripts\python.exe tm_scraper.py --league EPL
2026-02-28 03:03:38 | INFO     | [DRY-RUN] DB Load [EPL] — D:\Vertex_Football_Scraper2\.venv\Scripts\python.exe -m db.loader --league EPL
2026-02-28 03:04:08 | INFO     | ────────────────────────────────────────────────────────────
2026-02-28 03:04:08 | INFO     | STATUS — Cycle #30 | 20:04 UTC | Match hours: YES
2026-02-28 03:04:08 | INFO     |   EPL: T1=0s | T2=0s | T3=0s
2026-02-28 03:04:08 | INFO     | ────────────────────────────────────────────────────────────
2026-02-28 03:04:08 | INFO     | ⏰ TIER 1 due — EPL (interval=5s, match_hours=True)
2026-02-28 03:04:08 | INFO     | [DRY-RUN] T1/Understat [EPL] — D:\Vertex_Football_Scraper2\.venv\Scripts\python.exe async_scraper.py --league EPL
2026-02-28 03:04:08 | INFO     | [DRY-RUN] T1/SofaScore [EPL] — D:\Vertex_Football_Scraper2\.venv\Scripts\python.exe sofascore_client.py --league EPL --match-limit 5
2026-02-28 03:04:08 | INFO     | ⏰ TIER 2 due — EPL (interval=10s)
2026-02-28 03:04:08 | INFO     | [DRY-RUN] T2/FBref [EPL] — D:\Vertex_Football_Scraper2\.venv\Scripts\python.exe fbref_scraper.py --league EPL
2026-02-28 03:04:08 | INFO     | ⏰ TIER 3 due — EPL (interval=15s)
2026-02-28 03:04:08 | INFO     | [DRY-RUN] T3/Transfermarkt [EPL] — D:\Vertex_Football_Scraper2\.venv\Scripts\python.exe tm_scraper.py --league EPL
2026-02-28 03:04:08 | INFO     | [DRY-RUN] DB Load [EPL] — D:\Vertex_Football_Scraper2\.venv\Scripts\python.exe -m db.loader --league EPL
2026-02-28 03:04:38 | INFO     | ────────────────────────────────────────────────────────────
2026-02-28 03:04:38 | INFO     | STATUS — Cycle #31 | 20:04 UTC | Match hours: YES
2026-02-28 03:04:38 | INFO     |   EPL: T1=0s | T2=0s | T3=0s
2026-02-28 03:04:38 | INFO     | ────────────────────────────────────────────────────────────
2026-02-28 03:04:38 | INFO     | ⏰ TIER 1 due — EPL (interval=5s, match_hours=True)
2026-02-28 03:04:38 | INFO     | [DRY-RUN] T1/Understat [EPL] — D:\Vertex_Football_Scraper2\.venv\Scripts\python.exe async_scraper.py --league EPL
2026-02-28 03:04:38 | INFO     | [DRY-RUN] T1/SofaScore [EPL] — D:\Vertex_Football_Scraper2\.venv\Scripts\python.exe sofascore_client.py --league EPL --match-limit 5
2026-02-28 03:04:38 | INFO     | ⏰ TIER 2 due — EPL (interval=10s)
2026-02-28 03:04:38 | INFO     | [DRY-RUN] T2/FBref [EPL] — D:\Vertex_Football_Scraper2\.venv\Scripts\python.exe fbref_scraper.py --league EPL
2026-02-28 03:04:38 | INFO     | ⏰ TIER 3 due — EPL (interval=15s)
2026-02-28 03:04:38 | INFO     | [DRY-RUN] T3/Transfermarkt [EPL] — D:\Vertex_Football_Scraper2\.venv\Scripts\python.exe tm_scraper.py --league EPL
2026-02-28 03:04:38 | INFO     | [DRY-RUN] DB Load [EPL] — D:\Vertex_Football_Scraper2\.venv\Scripts\python.exe -m db.loader --league EPL
2026-02-28 03:05:08 | INFO     | ────────────────────────────────────────────────────────────
2026-02-28 03:05:08 | INFO     | STATUS — Cycle #32 | 20:05 UTC | Match hours: YES
2026-02-28 03:05:08 | INFO     |   EPL: T1=0s | T2=0s | T3=0s
2026-02-28 03:05:08 | INFO     | ────────────────────────────────────────────────────────────
2026-02-28 03:05:08 | INFO     | ⏰ TIER 1 due — EPL (interval=5s, match_hours=True)
2026-02-28 03:05:08 | INFO     | [DRY-RUN] T1/Understat [EPL] — D:\Vertex_Football_Scraper2\.venv\Scripts\python.exe async_scraper.py --league EPL
2026-02-28 03:05:08 | INFO     | [DRY-RUN] T1/SofaScore [EPL] — D:\Vertex_Football_Scraper2\.venv\Scripts\python.exe sofascore_client.py --league EPL --match-limit 5
2026-02-28 03:05:08 | INFO     | ⏰ TIER 2 due — EPL (interval=10s)
2026-02-28 03:05:08 | INFO     | [DRY-RUN] T2/FBref [EPL] — D:\Vertex_Football_Scraper2\.venv\Scripts\python.exe fbref_scraper.py --league EPL
2026-02-28 03:05:08 | INFO     | ⏰ TIER 3 due — EPL (interval=15s)
2026-02-28 03:05:08 | INFO     | [DRY-RUN] T3/Transfermarkt [EPL] — D:\Vertex_Football_Scraper2\.venv\Scripts\python.exe tm_scraper.py --league EPL
2026-02-28 03:05:08 | INFO     | [DRY-RUN] DB Load [EPL] — D:\Vertex_Football_Scraper2\.venv\Scripts\python.exe -m db.loader --league EPL
2026-02-28 03:05:38 | INFO     | ────────────────────────────────────────────────────────────
2026-02-28 03:05:38 | INFO     | STATUS — Cycle #33 | 20:05 UTC | Match hours: YES
2026-02-28 03:05:38 | INFO     |   EPL: T1=0s | T2=0s | T3=0s
2026-02-28 03:05:38 | INFO     | ────────────────────────────────────────────────────────────
2026-02-28 03:05:38 | INFO     | ⏰ TIER 1 due — EPL (interval=5s, match_hours=True)
2026-02-28 03:05:38 | INFO     | [DRY-RUN] T1/Understat [EPL] — D:\Vertex_Football_Scraper2\.venv\Scripts\python.exe async_scraper.py --league EPL
2026-02-28 03:05:38 | INFO     | [DRY-RUN] T1/SofaScore [EPL] — D:\Vertex_Football_Scraper2\.venv\Scripts\python.exe sofascore_client.py --league EPL --match-limit 5
2026-02-28 03:05:38 | INFO     | ⏰ TIER 2 due — EPL (interval=10s)
2026-02-28 03:05:38 | INFO     | [DRY-RUN] T2/FBref [EPL] — D:\Vertex_Football_Scraper2\.venv\Scripts\python.exe fbref_scraper.py --league EPL
2026-02-28 03:05:38 | INFO     | ⏰ TIER 3 due — EPL (interval=15s)
2026-02-28 03:05:38 | INFO     | [DRY-RUN] T3/Transfermarkt [EPL] — D:\Vertex_Football_Scraper2\.venv\Scripts\python.exe tm_scraper.py --league EPL
2026-02-28 03:05:38 | INFO     | [DRY-RUN] DB Load [EPL] — D:\Vertex_Football_Scraper2\.venv\Scripts\python.exe -m db.loader --league EPL
2026-02-28 03:06:08 | INFO     | ────────────────────────────────────────────────────────────
2026-02-28 03:06:08 | INFO     | STATUS — Cycle #34 | 20:06 UTC | Match hours: YES
2026-02-28 03:06:08 | INFO     |   EPL: T1=0s | T2=0s | T3=0s
2026-02-28 03:06:08 | INFO     | ────────────────────────────────────────────────────────────
2026-02-28 03:06:08 | INFO     | ⏰ TIER 1 due — EPL (interval=5s, match_hours=True)
2026-02-28 03:06:08 | INFO     | [DRY-RUN] T1/Understat [EPL] — D:\Vertex_Football_Scraper2\.venv\Scripts\python.exe async_scraper.py --league EPL
2026-02-28 03:06:08 | INFO     | [DRY-RUN] T1/SofaScore [EPL] — D:\Vertex_Football_Scraper2\.venv\Scripts\python.exe sofascore_client.py --league EPL --match-limit 5
2026-02-28 03:06:08 | INFO     | ⏰ TIER 2 due — EPL (interval=10s)
2026-02-28 03:06:08 | INFO     | [DRY-RUN] T2/FBref [EPL] — D:\Vertex_Football_Scraper2\.venv\Scripts\python.exe fbref_scraper.py --league EPL
2026-02-28 03:06:08 | INFO     | ⏰ TIER 3 due — EPL (interval=15s)
2026-02-28 03:06:08 | INFO     | [DRY-RUN] T3/Transfermarkt [EPL] — D:\Vertex_Football_Scraper2\.venv\Scripts\python.exe tm_scraper.py --league EPL
2026-02-28 03:06:08 | INFO     | [DRY-RUN] DB Load [EPL] — D:\Vertex_Football_Scraper2\.venv\Scripts\python.exe -m db.loader --league EPL
2026-02-28 03:06:38 | INFO     | ────────────────────────────────────────────────────────────
2026-02-28 03:06:38 | INFO     | STATUS — Cycle #35 | 20:06 UTC | Match hours: YES
2026-02-28 03:06:38 | INFO     |   EPL: T1=0s | T2=0s | T3=0s
2026-02-28 03:06:38 | INFO     | ────────────────────────────────────────────────────────────
2026-02-28 03:06:38 | INFO     | ⏰ TIER 1 due — EPL (interval=5s, match_hours=True)
2026-02-28 03:06:38 | INFO     | [DRY-RUN] T1/Understat [EPL] — D:\Vertex_Football_Scraper2\.venv\Scripts\python.exe async_scraper.py --league EPL
2026-02-28 03:06:38 | INFO     | [DRY-RUN] T1/SofaScore [EPL] — D:\Vertex_Football_Scraper2\.venv\Scripts\python.exe sofascore_client.py --league EPL --match-limit 5
2026-02-28 03:06:38 | INFO     | ⏰ TIER 2 due — EPL (interval=10s)
2026-02-28 03:06:38 | INFO     | [DRY-RUN] T2/FBref [EPL] — D:\Vertex_Football_Scraper2\.venv\Scripts\python.exe fbref_scraper.py --league EPL
2026-02-28 03:06:38 | INFO     | ⏰ TIER 3 due — EPL (interval=15s)
2026-02-28 03:06:38 | INFO     | [DRY-RUN] T3/Transfermarkt [EPL] — D:\Vertex_Football_Scraper2\.venv\Scripts\python.exe tm_scraper.py --league EPL
2026-02-28 03:06:38 | INFO     | [DRY-RUN] DB Load [EPL] — D:\Vertex_Football_Scraper2\.venv\Scripts\python.exe -m db.loader --league EPL
2026-02-28 03:07:09 | INFO     | ────────────────────────────────────────────────────────────
2026-02-28 03:07:09 | INFO     | STATUS — Cycle #36 | 20:07 UTC | Match hours: YES
2026-02-28 03:07:09 | INFO     |   EPL: T1=0s | T2=0s | T3=0s
2026-02-28 03:07:09 | INFO     | ────────────────────────────────────────────────────────────
2026-02-28 03:07:09 | INFO     | ⏰ TIER 1 due — EPL (interval=5s, match_hours=True)
2026-02-28 03:07:09 | INFO     | [DRY-RUN] T1/Understat [EPL] — D:\Vertex_Football_Scraper2\.venv\Scripts\python.exe async_scraper.py --league EPL
2026-02-28 03:07:09 | INFO     | [DRY-RUN] T1/SofaScore [EPL] — D:\Vertex_Football_Scraper2\.venv\Scripts\python.exe sofascore_client.py --league EPL --match-limit 5
2026-02-28 03:07:09 | INFO     | ⏰ TIER 2 due — EPL (interval=10s)
2026-02-28 03:07:09 | INFO     | [DRY-RUN] T2/FBref [EPL] — D:\Vertex_Football_Scraper2\.venv\Scripts\python.exe fbref_scraper.py --league EPL
2026-02-28 03:07:10 | INFO     | ⏰ TIER 3 due — EPL (interval=15s)
2026-02-28 03:07:10 | INFO     | [DRY-RUN] T3/Transfermarkt [EPL] — D:\Vertex_Football_Scraper2\.venv\Scripts\python.exe tm_scraper.py --league EPL
2026-02-28 03:07:10 | INFO     | [DRY-RUN] DB Load [EPL] — D:\Vertex_Football_Scraper2\.venv\Scripts\python.exe -m db.loader --league EPL
2026-02-28 03:07:41 | INFO     | ────────────────────────────────────────────────────────────
2026-02-28 03:07:41 | INFO     | STATUS — Cycle #37 | 20:07 UTC | Match hours: YES
2026-02-28 03:07:41 | INFO     |   EPL: T1=0s | T2=0s | T3=0s
2026-02-28 03:07:41 | INFO     | ────────────────────────────────────────────────────────────
2026-02-28 03:07:41 | INFO     | ⏰ TIER 1 due — EPL (interval=5s, match_hours=True)
2026-02-28 03:07:41 | INFO     | [DRY-RUN] T1/Understat [EPL] — D:\Vertex_Football_Scraper2\.venv\Scripts\python.exe async_scraper.py --league EPL
2026-02-28 03:07:41 | INFO     | [DRY-RUN] T1/SofaScore [EPL] — D:\Vertex_Football_Scraper2\.venv\Scripts\python.exe sofascore_client.py --league EPL --match-limit 5
2026-02-28 03:07:41 | INFO     | ⏰ TIER 2 due — EPL (interval=10s)
2026-02-28 03:07:41 | INFO     | [DRY-RUN] T2/FBref [EPL] — D:\Vertex_Football_Scraper2\.venv\Scripts\python.exe fbref_scraper.py --league EPL
2026-02-28 03:07:41 | INFO     | ⏰ TIER 3 due — EPL (interval=15s)
2026-02-28 03:07:41 | INFO     | [DRY-RUN] T3/Transfermarkt [EPL] — D:\Vertex_Football_Scraper2\.venv\Scripts\python.exe tm_scraper.py --league EPL
2026-02-28 03:07:41 | INFO     | [DRY-RUN] DB Load [EPL] — D:\Vertex_Football_Scraper2\.venv\Scripts\python.exe -m db.loader --league EPL
2026-02-28 03:08:12 | INFO     | ────────────────────────────────────────────────────────────
2026-02-28 03:08:12 | INFO     | STATUS — Cycle #38 | 20:08 UTC | Match hours: YES
2026-02-28 03:08:12 | INFO     |   EPL: T1=0s | T2=0s | T3=0s
2026-02-28 03:08:12 | INFO     | ────────────────────────────────────────────────────────────
2026-02-28 03:08:12 | INFO     | ⏰ TIER 1 due — EPL (interval=5s, match_hours=True)
2026-02-28 03:08:12 | INFO     | [DRY-RUN] T1/Understat [EPL] — D:\Vertex_Football_Scraper2\.venv\Scripts\python.exe async_scraper.py --league EPL
2026-02-28 03:08:12 | INFO     | [DRY-RUN] T1/SofaScore [EPL] — D:\Vertex_Football_Scraper2\.venv\Scripts\python.exe sofascore_client.py --league EPL --match-limit 5
2026-02-28 03:08:12 | INFO     | ⏰ TIER 2 due — EPL (interval=10s)
2026-02-28 03:08:12 | INFO     | [DRY-RUN] T2/FBref [EPL] — D:\Vertex_Football_Scraper2\.venv\Scripts\python.exe fbref_scraper.py --league EPL
2026-02-28 03:08:12 | INFO     | ⏰ TIER 3 due — EPL (interval=15s)
2026-02-28 03:08:12 | INFO     | [DRY-RUN] T3/Transfermarkt [EPL] — D:\Vertex_Football_Scraper2\.venv\Scripts\python.exe tm_scraper.py --league EPL
2026-02-28 03:08:12 | INFO     | [DRY-RUN] DB Load [EPL] — D:\Vertex_Football_Scraper2\.venv\Scripts\python.exe -m db.loader --league EPL
2026-02-28 03:08:42 | INFO     | ────────────────────────────────────────────────────────────
2026-02-28 03:08:42 | INFO     | STATUS — Cycle #39 | 20:08 UTC | Match hours: YES
2026-02-28 03:08:42 | INFO     |   EPL: T1=0s | T2=0s | T3=0s
2026-02-28 03:08:42 | INFO     | ────────────────────────────────────────────────────────────
2026-02-28 03:08:42 | INFO     | ⏰ TIER 1 due — EPL (interval=5s, match_hours=True)
2026-02-28 03:08:42 | INFO     | [DRY-RUN] T1/Understat [EPL] — D:\Vertex_Football_Scraper2\.venv\Scripts\python.exe async_scraper.py --league EPL
2026-02-28 03:08:42 | INFO     | [DRY-RUN] T1/SofaScore [EPL] — D:\Vertex_Football_Scraper2\.venv\Scripts\python.exe sofascore_client.py --league EPL --match-limit 5
2026-02-28 03:08:42 | INFO     | ⏰ TIER 2 due — EPL (interval=10s)
2026-02-28 03:08:42 | INFO     | [DRY-RUN] T2/FBref [EPL] — D:\Vertex_Football_Scraper2\.venv\Scripts\python.exe fbref_scraper.py --league EPL
2026-02-28 03:08:42 | INFO     | ⏰ TIER 3 due — EPL (interval=15s)
2026-02-28 03:08:42 | INFO     | [DRY-RUN] T3/Transfermarkt [EPL] — D:\Vertex_Football_Scraper2\.venv\Scripts\python.exe tm_scraper.py --league EPL
2026-02-28 03:08:42 | INFO     | [DRY-RUN] DB Load [EPL] — D:\Vertex_Football_Scraper2\.venv\Scripts\python.exe -m db.loader --league EPL
2026-02-28 03:09:13 | INFO     | ────────────────────────────────────────────────────────────
2026-02-28 03:09:13 | INFO     | STATUS — Cycle #40 | 20:09 UTC | Match hours: YES
2026-02-28 03:09:13 | INFO     |   EPL: T1=0s | T2=0s | T3=0s
2026-02-28 03:09:13 | INFO     | ────────────────────────────────────────────────────────────
2026-02-28 03:09:13 | INFO     | ⏰ TIER 1 due — EPL (interval=5s, match_hours=True)
2026-02-28 03:09:13 | INFO     | [DRY-RUN] T1/Understat [EPL] — D:\Vertex_Football_Scraper2\.venv\Scripts\python.exe async_scraper.py --league EPL
2026-02-28 03:09:13 | INFO     | [DRY-RUN] T1/SofaScore [EPL] — D:\Vertex_Football_Scraper2\.venv\Scripts\python.exe sofascore_client.py --league EPL --match-limit 5
2026-02-28 03:09:13 | INFO     | ⏰ TIER 2 due — EPL (interval=10s)
2026-02-28 03:09:13 | INFO     | [DRY-RUN] T2/FBref [EPL] — D:\Vertex_Football_Scraper2\.venv\Scripts\python.exe fbref_scraper.py --league EPL
2026-02-28 03:09:13 | INFO     | ⏰ TIER 3 due — EPL (interval=15s)
2026-02-28 03:09:13 | INFO     | [DRY-RUN] T3/Transfermarkt [EPL] — D:\Vertex_Football_Scraper2\.venv\Scripts\python.exe tm_scraper.py --league EPL
2026-02-28 03:09:13 | INFO     | [DRY-RUN] DB Load [EPL] — D:\Vertex_Football_Scraper2\.venv\Scripts\python.exe -m db.loader --league EPL
2026-02-28 03:09:44 | INFO     | ────────────────────────────────────────────────────────────
2026-02-28 03:09:44 | INFO     | STATUS — Cycle #41 | 20:09 UTC | Match hours: YES
2026-02-28 03:09:44 | INFO     |   EPL: T1=0s | T2=0s | T3=0s
2026-02-28 03:09:44 | INFO     | ────────────────────────────────────────────────────────────
2026-02-28 03:09:44 | INFO     | ⏰ TIER 1 due — EPL (interval=5s, match_hours=True)
2026-02-28 03:09:44 | INFO     | [DRY-RUN] T1/Understat [EPL] — D:\Vertex_Football_Scraper2\.venv\Scripts\python.exe async_scraper.py --league EPL
2026-02-28 03:09:44 | INFO     | [DRY-RUN] T1/SofaScore [EPL] — D:\Vertex_Football_Scraper2\.venv\Scripts\python.exe sofascore_client.py --league EPL --match-limit 5
2026-02-28 03:09:44 | INFO     | ⏰ TIER 2 due — EPL (interval=10s)
2026-02-28 03:09:44 | INFO     | [DRY-RUN] T2/FBref [EPL] — D:\Vertex_Football_Scraper2\.venv\Scripts\python.exe fbref_scraper.py --league EPL
2026-02-28 03:09:44 | INFO     | ⏰ TIER 3 due — EPL (interval=15s)
2026-02-28 03:09:44 | INFO     | [DRY-RUN] T3/Transfermarkt [EPL] — D:\Vertex_Football_Scraper2\.venv\Scripts\python.exe tm_scraper.py --league EPL
2026-02-28 03:09:44 | INFO     | [DRY-RUN] DB Load [EPL] — D:\Vertex_Football_Scraper2\.venv\Scripts\python.exe -m db.loader --league EPL
2026-02-28 03:10:14 | INFO     | ────────────────────────────────────────────────────────────
2026-02-28 03:10:14 | INFO     | STATUS — Cycle #42 | 20:10 UTC | Match hours: YES
2026-02-28 03:10:14 | INFO     |   EPL: T1=0s | T2=0s | T3=0s
2026-02-28 03:10:14 | INFO     | ────────────────────────────────────────────────────────────
2026-02-28 03:10:14 | INFO     | ⏰ TIER 1 due — EPL (interval=5s, match_hours=True)
2026-02-28 03:10:14 | INFO     | [DRY-RUN] T1/Understat [EPL] — D:\Vertex_Football_Scraper2\.venv\Scripts\python.exe async_scraper.py --league EPL
2026-02-28 03:10:14 | INFO     | [DRY-RUN] T1/SofaScore [EPL] — D:\Vertex_Football_Scraper2\.venv\Scripts\python.exe sofascore_client.py --league EPL --match-limit 5
2026-02-28 03:10:14 | INFO     | ⏰ TIER 2 due — EPL (interval=10s)
2026-02-28 03:10:14 | INFO     | [DRY-RUN] T2/FBref [EPL] — D:\Vertex_Football_Scraper2\.venv\Scripts\python.exe fbref_scraper.py --league EPL
2026-02-28 03:10:14 | INFO     | ⏰ TIER 3 due — EPL (interval=15s)
2026-02-28 03:10:14 | INFO     | [DRY-RUN] T3/Transfermarkt [EPL] — D:\Vertex_Football_Scraper2\.venv\Scripts\python.exe tm_scraper.py --league EPL
2026-02-28 03:10:14 | INFO     | [DRY-RUN] DB Load [EPL] — D:\Vertex_Football_Scraper2\.venv\Scripts\python.exe -m db.loader --league EPL
2026-02-28 03:10:44 | INFO     | ────────────────────────────────────────────────────────────
2026-02-28 03:10:44 | INFO     | STATUS — Cycle #43 | 20:10 UTC | Match hours: YES
2026-02-28 03:10:44 | INFO     |   EPL: T1=0s | T2=0s | T3=0s
2026-02-28 03:10:44 | INFO     | ────────────────────────────────────────────────────────────
2026-02-28 03:10:44 | INFO     | ⏰ TIER 1 due — EPL (interval=5s, match_hours=True)
2026-02-28 03:10:44 | INFO     | [DRY-RUN] T1/Understat [EPL] — D:\Vertex_Football_Scraper2\.venv\Scripts\python.exe async_scraper.py --league EPL
2026-02-28 03:10:44 | INFO     | [DRY-RUN] T1/SofaScore [EPL] — D:\Vertex_Football_Scraper2\.venv\Scripts\python.exe sofascore_client.py --league EPL --match-limit 5
2026-02-28 03:10:44 | INFO     | ⏰ TIER 2 due — EPL (interval=10s)
2026-02-28 03:10:44 | INFO     | [DRY-RUN] T2/FBref [EPL] — D:\Vertex_Football_Scraper2\.venv\Scripts\python.exe fbref_scraper.py --league EPL
2026-02-28 03:10:44 | INFO     | ⏰ TIER 3 due — EPL (interval=15s)
2026-02-28 03:10:44 | INFO     | [DRY-RUN] T3/Transfermarkt [EPL] — D:\Vertex_Football_Scraper2\.venv\Scripts\python.exe tm_scraper.py --league EPL
2026-02-28 03:10:44 | INFO     | [DRY-RUN] DB Load [EPL] — D:\Vertex_Football_Scraper2\.venv\Scripts\python.exe -m db.loader --league EPL
2026-02-28 03:11:14 | INFO     | ────────────────────────────────────────────────────────────
2026-02-28 03:11:15 | INFO     | STATUS — Cycle #44 | 20:11 UTC | Match hours: YES
2026-02-28 03:11:15 | INFO     |   EPL: T1=0s | T2=0s | T3=0s
2026-02-28 03:11:15 | INFO     | ────────────────────────────────────────────────────────────
2026-02-28 03:11:15 | INFO     | ⏰ TIER 1 due — EPL (interval=5s, match_hours=True)
2026-02-28 03:11:15 | INFO     | [DRY-RUN] T1/Understat [EPL] — D:\Vertex_Football_Scraper2\.venv\Scripts\python.exe async_scraper.py --league EPL
2026-02-28 03:11:15 | INFO     | [DRY-RUN] T1/SofaScore [EPL] — D:\Vertex_Football_Scraper2\.venv\Scripts\python.exe sofascore_client.py --league EPL --match-limit 5
2026-02-28 03:11:15 | INFO     | ⏰ TIER 2 due — EPL (interval=10s)
2026-02-28 03:11:15 | INFO     | [DRY-RUN] T2/FBref [EPL] — D:\Vertex_Football_Scraper2\.venv\Scripts\python.exe fbref_scraper.py --league EPL
2026-02-28 03:11:15 | INFO     | ⏰ TIER 3 due — EPL (interval=15s)
2026-02-28 03:11:15 | INFO     | [DRY-RUN] T3/Transfermarkt [EPL] — D:\Vertex_Football_Scraper2\.venv\Scripts\python.exe tm_scraper.py --league EPL
2026-02-28 03:11:15 | INFO     | [DRY-RUN] DB Load [EPL] — D:\Vertex_Football_Scraper2\.venv\Scripts\python.exe -m db.loader --league EPL
2026-02-28 03:11:45 | INFO     | ────────────────────────────────────────────────────────────
2026-02-28 03:11:45 | INFO     | STATUS — Cycle #45 | 20:11 UTC | Match hours: YES
2026-02-28 03:11:45 | INFO     |   EPL: T1=0s | T2=0s | T3=0s
2026-02-28 03:11:45 | INFO     | ────────────────────────────────────────────────────────────
2026-02-28 03:11:45 | INFO     | ⏰ TIER 1 due — EPL (interval=5s, match_hours=True)
2026-02-28 03:11:45 | INFO     | [DRY-RUN] T1/Understat [EPL] — D:\Vertex_Football_Scraper2\.venv\Scripts\python.exe async_scraper.py --league EPL
2026-02-28 03:11:45 | INFO     | [DRY-RUN] T1/SofaScore [EPL] — D:\Vertex_Football_Scraper2\.venv\Scripts\python.exe sofascore_client.py --league EPL --match-limit 5
2026-02-28 03:11:45 | INFO     | ⏰ TIER 2 due — EPL (interval=10s)
2026-02-28 03:11:45 | INFO     | [DRY-RUN] T2/FBref [EPL] — D:\Vertex_Football_Scraper2\.venv\Scripts\python.exe fbref_scraper.py --league EPL
2026-02-28 03:11:45 | INFO     | ⏰ TIER 3 due — EPL (interval=15s)
2026-02-28 03:11:45 | INFO     | [DRY-RUN] T3/Transfermarkt [EPL] — D:\Vertex_Football_Scraper2\.venv\Scripts\python.exe tm_scraper.py --league EPL
2026-02-28 03:11:45 | INFO     | [DRY-RUN] DB Load [EPL] — D:\Vertex_Football_Scraper2\.venv\Scripts\python.exe -m db.loader --league EPL
2026-02-28 03:12:15 | INFO     | ────────────────────────────────────────────────────────────
2026-02-28 03:12:15 | INFO     | STATUS — Cycle #46 | 20:12 UTC | Match hours: YES
2026-02-28 03:12:15 | INFO     |   EPL: T1=0s | T2=0s | T3=0s
2026-02-28 03:12:15 | INFO     | ────────────────────────────────────────────────────────────
2026-02-28 03:12:15 | INFO     | ⏰ TIER 1 due — EPL (interval=5s, match_hours=True)
2026-02-28 03:12:15 | INFO     | [DRY-RUN] T1/Understat [EPL] — D:\Vertex_Football_Scraper2\.venv\Scripts\python.exe async_scraper.py --league EPL
2026-02-28 03:12:15 | INFO     | [DRY-RUN] T1/SofaScore [EPL] — D:\Vertex_Football_Scraper2\.venv\Scripts\python.exe sofascore_client.py --league EPL --match-limit 5
2026-02-28 03:12:15 | INFO     | ⏰ TIER 2 due — EPL (interval=10s)
2026-02-28 03:12:15 | INFO     | [DRY-RUN] T2/FBref [EPL] — D:\Vertex_Football_Scraper2\.venv\Scripts\python.exe fbref_scraper.py --league EPL
2026-02-28 03:12:15 | INFO     | ⏰ TIER 3 due — EPL (interval=15s)
2026-02-28 03:12:15 | INFO     | [DRY-RUN] T3/Transfermarkt [EPL] — D:\Vertex_Football_Scraper2\.venv\Scripts\python.exe tm_scraper.py --league EPL
2026-02-28 03:12:15 | INFO     | [DRY-RUN] DB Load [EPL] — D:\Vertex_Football_Scraper2\.venv\Scripts\python.exe -m db.loader --league EPL
2026-02-28 03:12:45 | INFO     | ────────────────────────────────────────────────────────────
2026-02-28 03:12:45 | INFO     | STATUS — Cycle #47 | 20:12 UTC | Match hours: YES
2026-02-28 03:12:45 | INFO     |   EPL: T1=0s | T2=0s | T3=0s
2026-02-28 03:12:45 | INFO     | ────────────────────────────────────────────────────────────
2026-02-28 03:12:45 | INFO     | ⏰ TIER 1 due — EPL (interval=5s, match_hours=True)
2026-02-28 03:12:45 | INFO     | [DRY-RUN] T1/Understat [EPL] — D:\Vertex_Football_Scraper2\.venv\Scripts\python.exe async_scraper.py --league EPL
2026-02-28 03:12:45 | INFO     | [DRY-RUN] T1/SofaScore [EPL] — D:\Vertex_Football_Scraper2\.venv\Scripts\python.exe sofascore_client.py --league EPL --match-limit 5
2026-02-28 03:12:45 | INFO     | ⏰ TIER 2 due — EPL (interval=10s)
2026-02-28 03:12:45 | INFO     | [DRY-RUN] T2/FBref [EPL] — D:\Vertex_Football_Scraper2\.venv\Scripts\python.exe fbref_scraper.py --league EPL
2026-02-28 03:12:45 | INFO     | ⏰ TIER 3 due — EPL (interval=15s)
2026-02-28 03:12:45 | INFO     | [DRY-RUN] T3/Transfermarkt [EPL] — D:\Vertex_Football_Scraper2\.venv\Scripts\python.exe tm_scraper.py --league EPL
2026-02-28 03:12:45 | INFO     | [DRY-RUN] DB Load [EPL] — D:\Vertex_Football_Scraper2\.venv\Scripts\python.exe -m db.loader --league EPL
2026-02-28 03:13:15 | INFO     | ────────────────────────────────────────────────────────────
2026-02-28 03:13:15 | INFO     | STATUS — Cycle #48 | 20:13 UTC | Match hours: YES
2026-02-28 03:13:15 | INFO     |   EPL: T1=0s | T2=0s | T3=0s
2026-02-28 03:13:15 | INFO     | ────────────────────────────────────────────────────────────
2026-02-28 03:13:15 | INFO     | ⏰ TIER 1 due — EPL (interval=5s, match_hours=True)
2026-02-28 03:13:15 | INFO     | [DRY-RUN] T1/Understat [EPL] — D:\Vertex_Football_Scraper2\.venv\Scripts\python.exe async_scraper.py --league EPL
2026-02-28 03:13:15 | INFO     | [DRY-RUN] T1/SofaScore [EPL] — D:\Vertex_Football_Scraper2\.venv\Scripts\python.exe sofascore_client.py --league EPL --match-limit 5
2026-02-28 03:13:15 | INFO     | ⏰ TIER 2 due — EPL (interval=10s)
2026-02-28 03:13:15 | INFO     | [DRY-RUN] T2/FBref [EPL] — D:\Vertex_Football_Scraper2\.venv\Scripts\python.exe fbref_scraper.py --league EPL
2026-02-28 03:13:15 | INFO     | ⏰ TIER 3 due — EPL (interval=15s)
2026-02-28 03:13:15 | INFO     | [DRY-RUN] T3/Transfermarkt [EPL] — D:\Vertex_Football_Scraper2\.venv\Scripts\python.exe tm_scraper.py --league EPL
2026-02-28 03:13:15 | INFO     | [DRY-RUN] DB Load [EPL] — D:\Vertex_Football_Scraper2\.venv\Scripts\python.exe -m db.loader --league EPL
2026-02-28 03:13:45 | INFO     | ────────────────────────────────────────────────────────────
2026-02-28 03:13:45 | INFO     | STATUS — Cycle #49 | 20:13 UTC | Match hours: YES
2026-02-28 03:13:45 | INFO     |   EPL: T1=0s | T2=0s | T3=0s
2026-02-28 03:13:45 | INFO     | ────────────────────────────────────────────────────────────
2026-02-28 03:13:45 | INFO     | ⏰ TIER 1 due — EPL (interval=5s, match_hours=True)
2026-02-28 03:13:45 | INFO     | [DRY-RUN] T1/Understat [EPL] — D:\Vertex_Football_Scraper2\.venv\Scripts\python.exe async_scraper.py --league EPL
2026-02-28 03:13:45 | INFO     | [DRY-RUN] T1/SofaScore [EPL] — D:\Vertex_Football_Scraper2\.venv\Scripts\python.exe sofascore_client.py --league EPL --match-limit 5
2026-02-28 03:13:45 | INFO     | ⏰ TIER 2 due — EPL (interval=10s)
2026-02-28 03:13:45 | INFO     | [DRY-RUN] T2/FBref [EPL] — D:\Vertex_Football_Scraper2\.venv\Scripts\python.exe fbref_scraper.py --league EPL
2026-02-28 03:13:45 | INFO     | ⏰ TIER 3 due — EPL (interval=15s)
2026-02-28 03:13:45 | INFO     | [DRY-RUN] T3/Transfermarkt [EPL] — D:\Vertex_Football_Scraper2\.venv\Scripts\python.exe tm_scraper.py --league EPL
2026-02-28 03:13:45 | INFO     | [DRY-RUN] DB Load [EPL] — D:\Vertex_Football_Scraper2\.venv\Scripts\python.exe -m db.loader --league EPL
2026-02-28 03:14:15 | INFO     | ────────────────────────────────────────────────────────────
2026-02-28 03:14:15 | INFO     | STATUS — Cycle #50 | 20:14 UTC | Match hours: YES
2026-02-28 03:14:15 | INFO     |   EPL: T1=0s | T2=0s | T3=0s
2026-02-28 03:14:15 | INFO     | ────────────────────────────────────────────────────────────
2026-02-28 03:14:15 | INFO     | ⏰ TIER 1 due — EPL (interval=5s, match_hours=True)
2026-02-28 03:14:15 | INFO     | [DRY-RUN] T1/Understat [EPL] — D:\Vertex_Football_Scraper2\.venv\Scripts\python.exe async_scraper.py --league EPL
2026-02-28 03:14:15 | INFO     | [DRY-RUN] T1/SofaScore [EPL] — D:\Vertex_Football_Scraper2\.venv\Scripts\python.exe sofascore_client.py --league EPL --match-limit 5
2026-02-28 03:14:15 | INFO     | ⏰ TIER 2 due — EPL (interval=10s)
2026-02-28 03:14:15 | INFO     | [DRY-RUN] T2/FBref [EPL] — D:\Vertex_Football_Scraper2\.venv\Scripts\python.exe fbref_scraper.py --league EPL
2026-02-28 03:14:15 | INFO     | ⏰ TIER 3 due — EPL (interval=15s)
2026-02-28 03:14:15 | INFO     | [DRY-RUN] T3/Transfermarkt [EPL] — D:\Vertex_Football_Scraper2\.venv\Scripts\python.exe tm_scraper.py --league EPL
2026-02-28 03:14:15 | INFO     | [DRY-RUN] DB Load [EPL] — D:\Vertex_Football_Scraper2\.venv\Scripts\python.exe -m db.loader --league EPL
2026-02-28 03:14:45 | INFO     | ────────────────────────────────────────────────────────────
2026-02-28 03:14:45 | INFO     | STATUS — Cycle #51 | 20:14 UTC | Match hours: YES
2026-02-28 03:14:45 | INFO     |   EPL: T1=0s | T2=0s | T3=0s
2026-02-28 03:14:45 | INFO     | ────────────────────────────────────────────────────────────
2026-02-28 03:14:45 | INFO     | ⏰ TIER 1 due — EPL (interval=5s, match_hours=True)
2026-02-28 03:14:45 | INFO     | [DRY-RUN] T1/Understat [EPL] — D:\Vertex_Football_Scraper2\.venv\Scripts\python.exe async_scraper.py --league EPL
2026-02-28 03:14:46 | INFO     | [DRY-RUN] T1/SofaScore [EPL] — D:\Vertex_Football_Scraper2\.venv\Scripts\python.exe sofascore_client.py --league EPL --match-limit 5
2026-02-28 03:14:46 | INFO     | ⏰ TIER 2 due — EPL (interval=10s)
2026-02-28 03:14:46 | INFO     | [DRY-RUN] T2/FBref [EPL] — D:\Vertex_Football_Scraper2\.venv\Scripts\python.exe fbref_scraper.py --league EPL
2026-02-28 03:14:46 | INFO     | ⏰ TIER 3 due — EPL (interval=15s)
2026-02-28 03:14:46 | INFO     | [DRY-RUN] T3/Transfermarkt [EPL] — D:\Vertex_Football_Scraper2\.venv\Scripts\python.exe tm_scraper.py --league EPL
2026-02-28 03:14:46 | INFO     | [DRY-RUN] DB Load [EPL] — D:\Vertex_Football_Scraper2\.venv\Scripts\python.exe -m db.loader --league EPL
2026-02-28 03:15:16 | INFO     | ────────────────────────────────────────────────────────────
2026-02-28 03:15:16 | INFO     | STATUS — Cycle #52 | 20:15 UTC | Match hours: YES
2026-02-28 03:15:16 | INFO     |   EPL: T1=0s | T2=0s | T3=0s
2026-02-28 03:15:16 | INFO     | ────────────────────────────────────────────────────────────
2026-02-28 03:15:16 | INFO     | ⏰ TIER 1 due — EPL (interval=5s, match_hours=True)
2026-02-28 03:15:16 | INFO     | [DRY-RUN] T1/Understat [EPL] — D:\Vertex_Football_Scraper2\.venv\Scripts\python.exe async_scraper.py --league EPL
2026-02-28 03:15:16 | INFO     | [DRY-RUN] T1/SofaScore [EPL] — D:\Vertex_Football_Scraper2\.venv\Scripts\python.exe sofascore_client.py --league EPL --match-limit 5
2026-02-28 03:15:16 | INFO     | ⏰ TIER 2 due — EPL (interval=10s)
2026-02-28 03:15:16 | INFO     | [DRY-RUN] T2/FBref [EPL] — D:\Vertex_Football_Scraper2\.venv\Scripts\python.exe fbref_scraper.py --league EPL
2026-02-28 03:15:16 | INFO     | ⏰ TIER 3 due — EPL (interval=15s)
2026-02-28 03:15:16 | INFO     | [DRY-RUN] T3/Transfermarkt [EPL] — D:\Vertex_Football_Scraper2\.venv\Scripts\python.exe tm_scraper.py --league EPL
2026-02-28 03:15:16 | INFO     | [DRY-RUN] DB Load [EPL] — D:\Vertex_Football_Scraper2\.venv\Scripts\python.exe -m db.loader --league EPL
2026-02-28 03:15:46 | INFO     | ────────────────────────────────────────────────────────────
2026-02-28 03:15:46 | INFO     | STATUS — Cycle #53 | 20:15 UTC | Match hours: YES
2026-02-28 03:15:46 | INFO     |   EPL: T1=0s | T2=0s | T3=0s
2026-02-28 03:15:46 | INFO     | ────────────────────────────────────────────────────────────
2026-02-28 03:15:46 | INFO     | ⏰ TIER 1 due — EPL (interval=5s, match_hours=True)
2026-02-28 03:15:46 | INFO     | [DRY-RUN] T1/Understat [EPL] — D:\Vertex_Football_Scraper2\.venv\Scripts\python.exe async_scraper.py --league EPL
2026-02-28 03:15:46 | INFO     | [DRY-RUN] T1/SofaScore [EPL] — D:\Vertex_Football_Scraper2\.venv\Scripts\python.exe sofascore_client.py --league EPL --match-limit 5
2026-02-28 03:15:46 | INFO     | ⏰ TIER 2 due — EPL (interval=10s)
2026-02-28 03:15:46 | INFO     | [DRY-RUN] T2/FBref [EPL] — D:\Vertex_Football_Scraper2\.venv\Scripts\python.exe fbref_scraper.py --league EPL
2026-02-28 03:15:46 | INFO     | ⏰ TIER 3 due — EPL (interval=15s)
2026-02-28 03:15:46 | INFO     | [DRY-RUN] T3/Transfermarkt [EPL] — D:\Vertex_Football_Scraper2\.venv\Scripts\python.exe tm_scraper.py --league EPL
2026-02-28 03:15:46 | INFO     | [DRY-RUN] DB Load [EPL] — D:\Vertex_Football_Scraper2\.venv\Scripts\python.exe -m db.loader --league EPL
2026-02-28 03:16:16 | INFO     | ────────────────────────────────────────────────────────────
2026-02-28 03:16:16 | INFO     | STATUS — Cycle #54 | 20:16 UTC | Match hours: YES
2026-02-28 03:16:16 | INFO     |   EPL: T1=0s | T2=0s | T3=0s
2026-02-28 03:16:16 | INFO     | ────────────────────────────────────────────────────────────
2026-02-28 03:16:16 | INFO     | ⏰ TIER 1 due — EPL (interval=5s, match_hours=True)
2026-02-28 03:16:16 | INFO     | [DRY-RUN] T1/Understat [EPL] — D:\Vertex_Football_Scraper2\.venv\Scripts\python.exe async_scraper.py --league EPL
2026-02-28 03:16:16 | INFO     | [DRY-RUN] T1/SofaScore [EPL] — D:\Vertex_Football_Scraper2\.venv\Scripts\python.exe sofascore_client.py --league EPL --match-limit 5
2026-02-28 03:16:16 | INFO     | ⏰ TIER 2 due — EPL (interval=10s)
2026-02-28 03:16:16 | INFO     | [DRY-RUN] T2/FBref [EPL] — D:\Vertex_Football_Scraper2\.venv\Scripts\python.exe fbref_scraper.py --league EPL
2026-02-28 03:16:16 | INFO     | ⏰ TIER 3 due — EPL (interval=15s)
2026-02-28 03:16:16 | INFO     | [DRY-RUN] T3/Transfermarkt [EPL] — D:\Vertex_Football_Scraper2\.venv\Scripts\python.exe tm_scraper.py --league EPL
2026-02-28 03:16:16 | INFO     | [DRY-RUN] DB Load [EPL] — D:\Vertex_Football_Scraper2\.venv\Scripts\python.exe -m db.loader --league EPL
2026-02-28 03:16:46 | INFO     | ────────────────────────────────────────────────────────────
2026-02-28 03:16:46 | INFO     | STATUS — Cycle #55 | 20:16 UTC | Match hours: YES
2026-02-28 03:16:46 | INFO     |   EPL: T1=0s | T2=0s | T3=0s
2026-02-28 03:16:46 | INFO     | ────────────────────────────────────────────────────────────
2026-02-28 03:16:46 | INFO     | ⏰ TIER 1 due — EPL (interval=5s, match_hours=True)
2026-02-28 03:16:46 | INFO     | [DRY-RUN] T1/Understat [EPL] — D:\Vertex_Football_Scraper2\.venv\Scripts\python.exe async_scraper.py --league EPL
2026-02-28 03:16:46 | INFO     | [DRY-RUN] T1/SofaScore [EPL] — D:\Vertex_Football_Scraper2\.venv\Scripts\python.exe sofascore_client.py --league EPL --match-limit 5
2026-02-28 03:16:46 | INFO     | ⏰ TIER 2 due — EPL (interval=10s)
2026-02-28 03:16:46 | INFO     | [DRY-RUN] T2/FBref [EPL] — D:\Vertex_Football_Scraper2\.venv\Scripts\python.exe fbref_scraper.py --league EPL
2026-02-28 03:16:46 | INFO     | ⏰ TIER 3 due — EPL (interval=15s)
2026-02-28 03:16:46 | INFO     | [DRY-RUN] T3/Transfermarkt [EPL] — D:\Vertex_Football_Scraper2\.venv\Scripts\python.exe tm_scraper.py --league EPL
2026-02-28 03:16:46 | INFO     | [DRY-RUN] DB Load [EPL] — D:\Vertex_Football_Scraper2\.venv\Scripts\python.exe -m db.loader --league EPL
